{"level":"info","message":"worker 28796 running in PROTOCOL mode","timestamp":"2017-01-20 10:00:40.984"}
{"level":"info","message":"worker 23672 running in MGMT mode","timestamp":"2017-01-20 10:00:41.020"}
{"level":"info","message":"[IN_CSE] //sfiot/0.2.481.1.001.0001.00001/crossflow","timestamp":"2017-01-20 10:00:48.319"}
{"level":"info","message":"oneM2M protocol HTTP binder running at 7070 port","timestamp":"2017-01-20 10:00:51.549"}
{"level":"info","message":"Updating Completed. crossflow","timestamp":"2017-01-20 10:00:53.640"}
{"level":"info","message":"[IN_CSE] updated","timestamp":"2017-01-20 10:00:53.642"}
{"message":"Quit inactivity timeout","stack":"Error: Quit inactivity timeout\n    at Quit.<anonymous> (G:\\Discussion\\SmartFactory\\dev\\heroku\\node_modules\\mysql\\lib\\protocol\\Protocol.js:160:17)\n    at emitNone (events.js:86:13)\n    at Quit.emit (events.js:185:7)\n    at Quit._onTimeout (G:\\Discussion\\SmartFactory\\dev\\heroku\\node_modules\\mysql\\lib\\protocol\\sequences\\Sequence.js:127:8)\n    at ontimeout (timers.js:365:14)\n    at tryOnTimeout (timers.js:237:5)\n    at Timer.listOnTimeout (timers.js:207:5)\n    --------------------\n    at Protocol._enqueue (G:\\Discussion\\SmartFactory\\dev\\heroku\\node_modules\\mysql\\lib\\protocol\\Protocol.js:141:48)\n    at Protocol.quit (G:\\Discussion\\SmartFactory\\dev\\heroku\\node_modules\\mysql\\lib\\protocol\\Protocol.js:88:23)\n    at PoolConnection.end (G:\\Discussion\\SmartFactory\\dev\\heroku\\node_modules\\mysql\\lib\\Connection.js:255:18)\n    at Pool._purgeConnection (G:\\Discussion\\SmartFactory\\dev\\heroku\\node_modules\\mysql\\lib\\Pool.js:259:16)\n    at Pool.end (G:\\Discussion\\SmartFactory\\dev\\heroku\\node_modules\\mysql\\lib\\Pool.js:180:10)\n    at Object.module.exports.end (G:\\Discussion\\SmartFactory\\dev\\heroku\\mysql.js:648:24)\n    at closeDB (G:\\Discussion\\SmartFactory\\dev\\heroku\\mgmt.js:30:8)\n    at Object.exports.init (G:\\Discussion\\SmartFactory\\dev\\heroku\\mgmt.js:24:3)\n    at G:\\Discussion\\SmartFactory\\dev\\heroku\\app.js:92:19\n    at G:\\Discussion\\SmartFactory\\dev\\heroku\\mysql.js:45:7","code":"PROTOCOL_SEQUENCE_TIMEOUT","fatal":true,"timeout":30000,"level":"error","timestamp":"2017-01-20 10:01:18.986"}
{"level":"info","message":"worker 28504 running in MGMT mode","timestamp":"2017-01-20 11:34:19.743"}
{"level":"info","message":"worker 21064 running in PROTOCOL mode","timestamp":"2017-01-20 11:34:19.740"}
{"level":"info","message":"[IN_CSE] //herokuapp.com/0.2.481.1.001.0001.00001/crossflow","timestamp":"2017-01-20 11:34:28.006"}
{"level":"info","message":"oneM2M protocol HTTP binder running at 7070 port","timestamp":"2017-01-20 11:34:29.263"}
{"level":"info","message":"Updating Completed. crossflow","timestamp":"2017-01-20 11:34:34.295"}
{"level":"info","message":"[IN_CSE] updated","timestamp":"2017-01-20 11:34:34.296"}
{"message":"Quit inactivity timeout","stack":"Error: Quit inactivity timeout\n    at Quit.<anonymous> (G:\\Discussion\\SmartFactory\\dev\\heroku\\node_modules\\mysql\\lib\\protocol\\Protocol.js:160:17)\n    at emitNone (events.js:86:13)\n    at Quit.emit (events.js:185:7)\n    at Quit._onTimeout (G:\\Discussion\\SmartFactory\\dev\\heroku\\node_modules\\mysql\\lib\\protocol\\sequences\\Sequence.js:127:8)\n    at ontimeout (timers.js:365:14)\n    at tryOnTimeout (timers.js:237:5)\n    at Timer.listOnTimeout (timers.js:207:5)\n    --------------------\n    at Protocol._enqueue (G:\\Discussion\\SmartFactory\\dev\\heroku\\node_modules\\mysql\\lib\\protocol\\Protocol.js:141:48)\n    at Protocol.quit (G:\\Discussion\\SmartFactory\\dev\\heroku\\node_modules\\mysql\\lib\\protocol\\Protocol.js:88:23)\n    at PoolConnection.end (G:\\Discussion\\SmartFactory\\dev\\heroku\\node_modules\\mysql\\lib\\Connection.js:255:18)\n    at Pool._purgeConnection (G:\\Discussion\\SmartFactory\\dev\\heroku\\node_modules\\mysql\\lib\\Pool.js:259:16)\n    at Pool.end (G:\\Discussion\\SmartFactory\\dev\\heroku\\node_modules\\mysql\\lib\\Pool.js:180:10)\n    at Object.module.exports.end (G:\\Discussion\\SmartFactory\\dev\\heroku\\mysql.js:652:24)\n    at closeDB (G:\\Discussion\\SmartFactory\\dev\\heroku\\mgmt.js:30:8)\n    at Object.exports.init (G:\\Discussion\\SmartFactory\\dev\\heroku\\mgmt.js:24:3)\n    at G:\\Discussion\\SmartFactory\\dev\\heroku\\app.js:92:19\n    at G:\\Discussion\\SmartFactory\\dev\\heroku\\mysql.js:45:7","code":"PROTOCOL_SEQUENCE_TIMEOUT","fatal":true,"timeout":30000,"level":"error","timestamp":"2017-01-20 11:34:58.652"}
{"level":"info","message":"worker 30524 running in PROTOCOL mode","timestamp":"2017-01-20 11:38:08.545"}
{"level":"info","message":"worker 31120 running in MGMT mode","timestamp":"2017-01-20 11:38:08.547"}
{"level":"info","message":"[IN_CSE] //herokuapp.com/0.2.481.1.001.0001.00001/crossflow","timestamp":"2017-01-20 11:38:12.160"}
{"level":"info","message":"oneM2M protocol HTTP binder running at 7070 port","timestamp":"2017-01-20 11:38:12.801"}
{"level":"info","message":"Updating Completed. crossflow","timestamp":"2017-01-20 11:38:25.673"}
{"level":"info","message":"[IN_CSE] updated","timestamp":"2017-01-20 11:38:25.674"}
{"message":"Quit inactivity timeout","stack":"Error: Quit inactivity timeout\n    at Quit.<anonymous> (G:\\Discussion\\SmartFactory\\dev\\heroku\\node_modules\\mysql\\lib\\protocol\\Protocol.js:160:17)\n    at emitNone (events.js:86:13)\n    at Quit.emit (events.js:185:7)\n    at Quit._onTimeout (G:\\Discussion\\SmartFactory\\dev\\heroku\\node_modules\\mysql\\lib\\protocol\\sequences\\Sequence.js:127:8)\n    at ontimeout (timers.js:365:14)\n    at tryOnTimeout (timers.js:237:5)\n    at Timer.listOnTimeout (timers.js:207:5)\n    --------------------\n    at Protocol._enqueue (G:\\Discussion\\SmartFactory\\dev\\heroku\\node_modules\\mysql\\lib\\protocol\\Protocol.js:141:48)\n    at Protocol.quit (G:\\Discussion\\SmartFactory\\dev\\heroku\\node_modules\\mysql\\lib\\protocol\\Protocol.js:88:23)\n    at PoolConnection.end (G:\\Discussion\\SmartFactory\\dev\\heroku\\node_modules\\mysql\\lib\\Connection.js:255:18)\n    at Pool._purgeConnection (G:\\Discussion\\SmartFactory\\dev\\heroku\\node_modules\\mysql\\lib\\Pool.js:259:16)\n    at Pool.end (G:\\Discussion\\SmartFactory\\dev\\heroku\\node_modules\\mysql\\lib\\Pool.js:180:10)\n    at Object.module.exports.end (G:\\Discussion\\SmartFactory\\dev\\heroku\\mysql.js:652:24)\n    at closeDB (G:\\Discussion\\SmartFactory\\dev\\heroku\\mgmt.js:30:8)\n    at Object.exports.init (G:\\Discussion\\SmartFactory\\dev\\heroku\\mgmt.js:24:3)\n    at G:\\Discussion\\SmartFactory\\dev\\heroku\\app.js:92:19\n    at G:\\Discussion\\SmartFactory\\dev\\heroku\\mysql.js:45:7","code":"PROTOCOL_SEQUENCE_TIMEOUT","fatal":true,"timeout":30000,"level":"error","timestamp":"2017-01-20 11:38:42.815"}
{"level":"info","message":"[undefined] undefined","timestamp":"2017-01-20 11:40:41.018"}
{"level":"error","message":"[IN_CSE] empty request identifier","timestamp":"2017-01-20 11:40:46.404"}
{"level":"info","message":"worker 30524 died (1). restarting...","timestamp":"2017-01-20 11:40:46.427"}
{"level":"info","message":"worker 31708 running in PROTOCOL mode","timestamp":"2017-01-20 11:40:47.156"}
{"level":"info","message":"[IN_CSE] //herokuapp.com/0.2.481.1.001.0001.00001/crossflow","timestamp":"2017-01-20 11:40:58.088"}
{"level":"info","message":"oneM2M protocol HTTP binder running at 7070 port","timestamp":"2017-01-20 11:40:58.492"}
{"level":"info","message":"Updating Completed. crossflow","timestamp":"2017-01-20 11:41:10.081"}
{"level":"info","message":"[IN_CSE] updated","timestamp":"2017-01-20 11:41:10.084"}
{"level":"info","message":"[/in-cse/Csmartphone_ae] mncse/55667","timestamp":"2017-01-20 11:41:25.207"}
{"level":"info","message":"worker 23464 running in PROTOCOL mode","timestamp":"2017-01-20 11:54:00.434"}
{"level":"info","message":"[IN_CSE] //herokuapp.com/0.2.481.1.001.0001.00001/crossflow","timestamp":"2017-01-20 11:54:02.599"}
{"level":"info","message":"oneM2M protocol HTTP binder running at 7070 port","timestamp":"2017-01-20 11:54:03.217"}
{"level":"info","message":"Updating Completed. crossflow","timestamp":"2017-01-20 11:54:05.227"}
{"level":"info","message":"[IN_CSE] updated","timestamp":"2017-01-20 11:54:05.229"}
